GET /service/WM - 2025-06-30T14:45:06.947Z
GET /services/WM - 2025-06-30T14:45:27.260Z
GET /services/WMIWE - 2025-06-30T14:45:46.570Z
GET /member - 2025-06-30T15:06:06.854Z
OPTIONS /member - 2025-06-30T15:09:50.259Z
OPTIONS /member - 2025-06-30T15:10:58.618Z
OPTIONS /member - 2025-06-30T15:14:12.040Z
GET /allservices - 2025-06-30T15:14:50.712Z
GET /allservices - 2025-06-30T15:14:50.801Z
OPTIONS /member - 2025-06-30T15:15:16.892Z
GET /allservices - 2025-06-30T16:05:47.922Z
OPTIONS /member - 2025-06-30T16:06:06.173Z
GET /allservices - 2025-06-30T16:16:13.043Z
GET /allservices - 2025-06-30T16:16:13.114Z
GET /allservices - 2025-07-01T11:16:05.753Z
GET /allservices - 2025-07-01T11:16:05.838Z
GET /allservices - 2025-07-01T11:17:16.379Z
GET /allservices - 2025-07-01T11:17:16.404Z
GET /service/SCB - 2025-07-01T11:18:28.701Z
GET /service/SCB - 2025-07-01T11:18:28.715Z
OPTIONS /updatepassword - 2025-07-01T11:20:49.621Z
GET /allservices - 2025-07-01T11:21:27.648Z
GET /allservices - 2025-07-01T11:21:27.666Z
OPTIONS /member - 2025-07-01T11:21:48.324Z
OPTIONS /member - 2025-07-01T11:21:59.213Z
OPTIONS /member - 2025-07-01T11:22:00.435Z
OPTIONS /member - 2025-07-01T11:22:04.474Z
OPTIONS /member - 2025-07-01T11:22:05.024Z
GET /allservices - 2025-07-01T11:23:25.778Z
GET /favicon.ico - 2025-07-01T11:23:25.972Z
GET /allservices - 2025-07-01T11:25:58.080Z
GET /allservices - 2025-07-01T11:25:58.091Z
GET /allservices - 2025-07-01T11:29:37.274Z
GET /allservices - 2025-07-01T11:29:37.281Z
GET /allservices - 2025-07-01T11:31:13.993Z
GET /allservices - 2025-07-01T11:31:14.017Z
GET /sample.jpg - 2025-07-01T11:31:14.372Z
GET /sample2.jpg - 2025-07-01T11:31:14.378Z
GET /sample3.jpg - 2025-07-01T11:31:14.380Z
GET /service/SCB - 2025-07-01T11:31:24.351Z
GET /service/SCB - 2025-07-01T11:31:24.366Z
GET /service/sample.jpg - 2025-07-01T11:31:24.683Z
GET /allservices - 2025-07-01T11:31:29.380Z
GET /allservices - 2025-07-01T11:31:29.645Z
GET /sample.jpg - 2025-07-01T11:31:29.720Z
GET /sample2.jpg - 2025-07-01T11:31:29.748Z
GET /sample3.jpg - 2025-07-01T11:31:29.753Z
GET /service/WM - 2025-07-01T11:31:31.711Z
GET /service/WM - 2025-07-01T11:31:32.052Z
GET /service/sample2.jpg - 2025-07-01T11:31:32.058Z
GET /allservices - 2025-07-01T11:31:36.630Z
GET /allservices - 2025-07-01T11:31:36.962Z
GET /sample.jpg - 2025-07-01T11:31:36.998Z
GET /sample2.jpg - 2025-07-01T11:31:37.005Z
GET /sample3.jpg - 2025-07-01T11:31:37.007Z
POST /service/SCB/calculate - 2025-07-01T11:31:44.690Z
GET /allservices - 2025-07-01T11:31:48.394Z
GET /allservices - 2025-07-01T11:31:48.660Z
GET /sample.jpg - 2025-07-01T11:31:48.739Z
GET /sample2.jpg - 2025-07-01T11:31:48.767Z
GET /sample3.jpg - 2025-07-01T11:31:48.771Z
POST /service/WM/form - 2025-07-01T11:32:03.148Z
GET /allservices - 2025-07-01T11:32:09.204Z
GET /allservices - 2025-07-01T11:32:09.227Z
GET /sample.jpg - 2025-07-01T11:32:09.564Z
GET /sample2.jpg - 2025-07-01T11:32:09.568Z
GET /sample3.jpg - 2025-07-01T11:32:09.570Z
POST /member - 2025-07-01T11:32:31.079Z
PUT /updatepassword - 2025-07-01T11:33:02.146Z
DELETE /cancelrequest - 2025-07-01T11:33:09.726Z
DELETE /cancelmember - 2025-07-01T11:33:15.806Z
